<?xml version="1.0" encoding="UTF-8"?>
<!-- Generated by org.testng.reporters.JUnitXMLReporter -->
<testsuite ignored="8" hostname="DESKTOP-88P789D" failures="0" tests="5" name=" Smoke Test" time="57.227" errors="0" timestamp="2025-06-20T13:45:47 IST">
  <testcase classname="Tests.LoginTest" name="testValidLogin" time="5.688"/>
  <testcase classname="Tests.CartTest" name="verifyAddToCartFunctionality" time="13.415"/>
  <testcase classname="Tests.InvalidLoginTest" name="verifyInvalidLogin" time="5.653"/>
  <testcase classname="Tests.LogoutTest" name="verifyLogoutFunctionality" time="5.6"/>
  <testcase classname="Tests.SearchTest" name="verifyLaptopsCategoryDisplaysProduct" time="4.219"/>
  <testcase classname="Base.BaseTest" name="@BeforeSuite setupReport" time="0.0">
    <ignored/>
  </testcase> <!-- @BeforeSuite setupReport -->
  <testcase classname="Base.BaseTest" name="@AfterSuite flushReport" time="0.0">
    <ignored/>
  </testcase> <!-- @AfterSuite flushReport -->
  <testcase classname="Base.BaseTest" name="@AfterSuite flushReport" time="0.0">
    <ignored/>
  </testcase> <!-- @AfterSuite flushReport -->
  <testcase classname="Base.BaseTest" name="@AfterSuite flushReport" time="0.0">
    <ignored/>
  </testcase> <!-- @AfterSuite flushReport -->
  <testcase classname="Base.BaseTest" name="@BeforeSuite setupReport" time="0.0">
    <ignored/>
  </testcase> <!-- @BeforeSuite setupReport -->
  <testcase classname="Base.BaseTest" name="@AfterSuite flushReport" time="0.0">
    <ignored/>
  </testcase> <!-- @AfterSuite flushReport -->
  <testcase classname="Base.BaseTest" name="@BeforeSuite setupReport" time="0.0">
    <ignored/>
  </testcase> <!-- @BeforeSuite setupReport -->
  <testcase classname="Base.BaseTest" name="@BeforeSuite setupReport" time="0.0">
    <ignored/>
  </testcase> <!-- @BeforeSuite setupReport -->
</testsuite> <!--  Smoke Test -->
