<?xml version="1.0" encoding="UTF-8"?>
<testng-results ignored="0" total="5" passed="5" failed="0" skipped="0">
  <reporter-output>
  </reporter-output>
  <suite started-at="2025-06-20T13:44:50 IST" name="MySuite" finished-at="2025-06-20T13:45:47 IST" duration-ms="57227">
    <groups>
    </groups>
    <test started-at="2025-06-20T13:44:50 IST" name=" Smoke Test" finished-at="2025-06-20T13:45:47 IST" duration-ms="57227">
      <class name="Tests.LogoutTest">
        <test-method is-config="true" signature="setup()[pri:0, instance:Tests.LogoutTest@6e509ffa]" started-at="2025-06-20T13:45:29 IST" name="setup" finished-at="2025-06-20T13:45:33 IST" duration-ms="3652" status="PASS">
          <reporter-output>
          </reporter-output>
        </test-method> <!-- setup -->
        <test-method signature="verifyLogoutFunctionality()[pri:0, instance:Tests.LogoutTest@6e509ffa]" started-at="2025-06-20T13:45:33 IST" name="verifyLogoutFunctionality" finished-at="2025-06-20T13:45:39 IST" duration-ms="5600" status="PASS">
          <reporter-output>
          </reporter-output>
        </test-method> <!-- verifyLogoutFunctionality -->
        <test-method is-config="true" signature="tearDownMethod()[pri:0, instance:Tests.LogoutTest@6e509ffa]" started-at="2025-06-20T13:45:39 IST" name="tearDownMethod" finished-at="2025-06-20T13:45:39 IST" duration-ms="378" status="PASS">
          <reporter-output>
          </reporter-output>
        </test-method> <!-- tearDownMethod -->
      </class> <!-- Tests.LogoutTest -->
      <class name="Tests.CartTest">
        <test-method is-config="true" signature="setup()[pri:0, instance:Tests.CartTest@7a675056]" started-at="2025-06-20T13:45:02 IST" name="setup" finished-at="2025-06-20T13:45:06 IST" duration-ms="3827" status="PASS">
          <reporter-output>
          </reporter-output>
        </test-method> <!-- setup -->
        <test-method signature="verifyAddToCartFunctionality()[pri:0, instance:Tests.CartTest@7a675056]" started-at="2025-06-20T13:45:06 IST" name="verifyAddToCartFunctionality" finished-at="2025-06-20T13:45:19 IST" duration-ms="13415" status="PASS">
          <reporter-output>
          </reporter-output>
        </test-method> <!-- verifyAddToCartFunctionality -->
        <test-method is-config="true" signature="tearDownMethod()[pri:0, instance:Tests.CartTest@7a675056]" started-at="2025-06-20T13:45:19 IST" name="tearDownMethod" finished-at="2025-06-20T13:45:20 IST" duration-ms="376" status="PASS">
          <reporter-output>
          </reporter-output>
        </test-method> <!-- tearDownMethod -->
      </class> <!-- Tests.CartTest -->
      <class name="Tests.InvalidLoginTest">
        <test-method is-config="true" signature="setup()[pri:0, instance:Tests.InvalidLoginTest@d21a74c]" started-at="2025-06-20T13:45:20 IST" name="setup" finished-at="2025-06-20T13:45:23 IST" duration-ms="3495" status="PASS">
          <reporter-output>
          </reporter-output>
        </test-method> <!-- setup -->
        <test-method signature="verifyInvalidLogin()[pri:0, instance:Tests.InvalidLoginTest@d21a74c]" started-at="2025-06-20T13:45:23 IST" name="verifyInvalidLogin" finished-at="2025-06-20T13:45:29 IST" duration-ms="5653" status="PASS">
          <reporter-output>
          </reporter-output>
        </test-method> <!-- verifyInvalidLogin -->
        <test-method is-config="true" signature="tearDownMethod()[pri:0, instance:Tests.InvalidLoginTest@d21a74c]" started-at="2025-06-20T13:45:29 IST" name="tearDownMethod" finished-at="2025-06-20T13:45:29 IST" duration-ms="402" status="PASS">
          <reporter-output>
          </reporter-output>
        </test-method> <!-- tearDownMethod -->
      </class> <!-- Tests.InvalidLoginTest -->
      <class name="Tests.SearchTest">
        <test-method is-config="true" signature="setup()[pri:0, instance:Tests.SearchTest@2898ac89]" started-at="2025-06-20T13:45:39 IST" name="setup" finished-at="2025-06-20T13:45:42 IST" duration-ms="3244" status="PASS">
          <reporter-output>
          </reporter-output>
        </test-method> <!-- setup -->
        <test-method signature="verifyLaptopsCategoryDisplaysProduct()[pri:0, instance:Tests.SearchTest@2898ac89]" started-at="2025-06-20T13:45:42 IST" name="verifyLaptopsCategoryDisplaysProduct" finished-at="2025-06-20T13:45:46 IST" duration-ms="4219" status="PASS">
          <reporter-output>
          </reporter-output>
        </test-method> <!-- verifyLaptopsCategoryDisplaysProduct -->
        <test-method is-config="true" signature="tearDownMethod()[pri:0, instance:Tests.SearchTest@2898ac89]" started-at="2025-06-20T13:45:46 IST" name="tearDownMethod" finished-at="2025-06-20T13:45:47 IST" duration-ms="350" status="PASS">
          <reporter-output>
          </reporter-output>
        </test-method> <!-- tearDownMethod -->
      </class> <!-- Tests.SearchTest -->
      <class name="Tests.LoginTest">
        <test-method is-config="true" signature="setupReport()[pri:0, instance:Tests.LoginTest@6db9f5a4]" started-at="2025-06-20T13:44:49 IST" name="setupReport" finished-at="2025-06-20T13:44:50 IST" duration-ms="468" status="PASS">
          <reporter-output>
          </reporter-output>
        </test-method> <!-- setupReport -->
        <test-method is-config="true" signature="setup()[pri:0, instance:Tests.LoginTest@6db9f5a4]" started-at="2025-06-20T13:44:50 IST" name="setup" finished-at="2025-06-20T13:44:56 IST" duration-ms="6385" status="PASS">
          <reporter-output>
          </reporter-output>
        </test-method> <!-- setup -->
        <test-method signature="testValidLogin()[pri:0, instance:Tests.LoginTest@6db9f5a4]" started-at="2025-06-20T13:44:56 IST" name="testValidLogin" finished-at="2025-06-20T13:45:02 IST" duration-ms="5688" status="PASS">
          <reporter-output>
          </reporter-output>
        </test-method> <!-- testValidLogin -->
        <test-method is-config="true" signature="tearDownMethod()[pri:0, instance:Tests.LoginTest@6db9f5a4]" started-at="2025-06-20T13:45:02 IST" name="tearDownMethod" finished-at="2025-06-20T13:45:02 IST" duration-ms="429" status="PASS">
          <reporter-output>
          </reporter-output>
        </test-method> <!-- tearDownMethod -->
        <test-method is-config="true" signature="flushReport()[pri:0, instance:Tests.LoginTest@6db9f5a4]" started-at="2025-06-20T13:45:47 IST" name="flushReport" finished-at="2025-06-20T13:45:47 IST" duration-ms="510" status="PASS">
          <reporter-output>
          </reporter-output>
        </test-method> <!-- flushReport -->
      </class> <!-- Tests.LoginTest -->
    </test> <!--  Smoke Test -->
  </suite> <!-- MySuite -->
</testng-results>
